acpi
acpi_call
alsa-firmware
alsa-utils
arandr
arc-gtk-theme
astyle
atool
autoconf
automake
bash
bash-completion
bat
bc
binutils
bison
blueman
bluez
bluez-utils
btrfs-progs
bzip2
calcurse
chafa
clipmenu
clipnotify
coreutils
cpupower
ctags
cups
cups-pdf
dialog
dkms
dmidecode
dosfstools
dunst
e2fsprogs
efibootmgr
expac
f2fs-tools
fakeroot
fd
ffmpegthumbnailer
file
filesystem
findutils
flex
fzf
gawk
gcc
gcc-libs
gettext
gimp
git
glibc
gnome-themes-extra
gparted
grep
groff
gst-libav
gst-plugins-bad
gst-plugins-base
gst-plugins-good
gst-plugins-ugly
gtk-engine-murrine
gtk-engines
gucharmap
gvfs
gvfs-mtp
gvfs-smb
gzip
highlight
hplip
htop
imagemagick
intel-ucode
iproute2
iputils
libtool
libva-utils
libvdpau-va-gl
licenses
linux
linux-firmware
linux-headers
lostfiles
lvm2
lxappearance-gtk3
m4
make
man-db
man-pages
meld
mesa
mpv
mtr
nano
nano-syntax-highlighting
neofetch
neovim
network-manager-applet
networkmanager
npm
ntfs-3g
p7zip
pacman
papirus-icon-theme
patch
pavucontrol
pciutils
pcmanfm
perl-file-mimeinfo
picom
pkgconf
playerctl
procps-ng
psmisc
pulseaudio
pulseaudio-alsa
pulseaudio-bluetooth
python-click
python-dbus
python-psutil
python-pynvim
reflector
ripgrep
rsync
scrot
sed
shadow
stress
sudo
sxiv
system-config-printer
systemd
systemd-sysvcompat
tamsyn-font
tar
terminus-font
texinfo
tlp
tlp-rdw
tpacpi-bat
trash-cli
ttf-dejavu
ttf-font-awesome
ttf-ibm-plex
ttf-jetbrains-mono
ttf-liberation
ttf-roboto
unrar
unzip
util-linux
vdpauinfo
w3m
wget
which
wireless_tools
wmctrl
wpa_supplicant
xarchiver
xcb-util-cursor
xclip
xdg-user-dirs
xdotool
xf86-input-synaptics
xf86-video-intel
xorg-bdftopcf
xorg-iceauth
xorg-luit
xorg-mkfontscale
xorg-server
xorg-sessreg
xorg-setxkbmap
xorg-smproxy
xorg-x11perf
xorg-xauth
xorg-xbacklight
xorg-xcmsdb
xorg-xcursorgen
xorg-xdpyinfo
xorg-xdriinfo
xorg-xev
xorg-xgamma
xorg-xhost
xorg-xinit
xorg-xinput
xorg-xkbcomp
xorg-xkbevd
xorg-xkbutils
xorg-xkill
xorg-xlsatoms
xorg-xlsclients
xorg-xlsfonts
xorg-xmodmap
xorg-xpr
xorg-xprop
xorg-xrandr
xorg-xrdb
xorg-xrefresh
xorg-xset
xorg-xsetroot
xorg-xvinfo
xorg-xwd
xorg-xwininfo
xorg-xwud
xsel
xterm
xwallpaper
xz
yarn
youtube-dl
zathura
zathura-pdf-poppler
zip
zsh
zsh-autosuggestions
zsh-completions
zsh-history-substring-search
zsh-syntax-highlighting
